<?xml version="1.0" encoding="UTF-8"?>
<testsuite name="com.kodilla.spring.portfolio.BoardTestSuite" tests="1" skipped="0" failures="0" errors="0" timestamp="2019-05-28T16:05:50" hostname="DESKTOP-U5C47E2" time="0.064">
  <properties/>
  <testcase name="testRead" classname="com.kodilla.spring.portfolio.BoardTestSuite" time="0.064"/>
  <system-out><![CDATA[2019-05-28 18:05:50.193  INFO 19124 --- [    Test worker] s.c.a.AnnotationConfigApplicationContext : Refreshing org.springframework.context.annotation.AnnotationConfigApplicationContext@4a70a306: startup date [Tue May 28 18:05:50 CEST 2019]; root of context hierarchy
]]></system-out>
  <system-err><![CDATA[]]></system-err>
</testsuite>
