<?xml version="1.0" encoding="UTF-8"?>
<testsuite name="com.kodilla.testing.library.BookDirectoryTestSuite" tests="6" skipped="0" failures="0" errors="0"
           timestamp="2019-03-20T15:22:52" hostname="DESKTOP-U5C47E2" time="0.025">
    <properties/>
    <testcase name="testListBooksWithConditionFragmentShorterThan3"
              classname="com.kodilla.testing.library.BookDirectoryTestSuite" time="0.018"/>
    <testcase name="testListBooksWithConditionMoreThan20" classname="com.kodilla.testing.library.BookDirectoryTestSuite"
              time="0.003"/>
    <testcase name="testListBooksWithConditionsReturnList"
              classname="com.kodilla.testing.library.BookDirectoryTestSuite" time="0.0"/>
    <testcase name="testListBooksInHandsOfWhenIs0" classname="com.kodilla.testing.library.BookDirectoryTestSuite"
              time="0.0"/>
    <testcase name="testListBooksInHandsOfWhenIs1" classname="com.kodilla.testing.library.BookDirectoryTestSuite"
              time="0.001"/>
    <testcase name="testListBooksInHandsOfWhenIs5" classname="com.kodilla.testing.library.BookDirectoryTestSuite"
              time="0.0"/>
    <system-out><![CDATA[]]></system-out>
    <system-err><![CDATA[]]></system-err>
</testsuite>
