<?xml version="1.0" encoding="UTF-8"?>
<testsuite name="com.kodilla.patterns.singleton.LoggerTestSuite" tests="1" skipped="0" failures="0" errors="0" timestamp="2019-05-28T16:05:21" hostname="DESKTOP-U5C47E2" time="0.002">
  <properties/>
  <testcase name="testLog" classname="com.kodilla.patterns.singleton.LoggerTestSuite" time="0.002"/>
  <system-out><![CDATA[Log: [Login successful.]
]]></system-out>
  <system-err><![CDATA[]]></system-err>
</testsuite>
